build/app/intermediates/manifest_merge_blame_file/profile/manifest-merger-blame-profile-report.txt
1<?xml version="1.0" encoding="utf-8"?>
2<manifest xmlns:android="http://schemas.android.com/apk/res/android"
3    package="com.example.food_pooling"
4    android:versionCode="1"
5    android:versionName="1.0.0" >
6
7    <uses-sdk
8        android:minSdkVersion="16"
9        android:targetSdkVersion="29" />
10    <!--
11         Flutter needs it to communicate with the running application
12         to allow setting breakpoints, to provide hot reload, etc.
13    -->
14    <uses-permission android:name="android.permission.INTERNET" />
14-->src\main\AndroidManifest.xml:4:5-66
14-->src\main\AndroidManifest.xml:4:22-64
15    <uses-permission android:name="android.permission.ACCESS_COARSE_LOCATION" />
15-->src\main\AndroidManifest.xml:5:5-80
15-->src\main\AndroidManifest.xml:5:22-78
16    <uses-permission android:name="android.permission.ACCESS_FINE_LOCATION" />
16-->src\main\AndroidManifest.xml:6:5-78
16-->src\main\AndroidManifest.xml:6:22-76
17    <uses-permission android:name="android.permission.READ_EXTERNAL_STORAGE" />
17-->[:image_picker] AndroidManifest.xml:7:5-80
17-->[:image_picker] AndroidManifest.xml:7:22-77
18    <uses-permission android:name="android.permission.WRITE_EXTERNAL_STORAGE" /> <!-- Although the *SdkVersion is captured in gradle build files, this is required for non gradle builds -->
18-->[:image_picker] AndroidManifest.xml:8:5-81
18-->[:image_picker] AndroidManifest.xml:8:22-78
19    <!-- <uses-sdk android:minSdkVersion="14"/> -->
20    <uses-permission android:name="android.permission.ACCESS_NETWORK_STATE" />
20-->[com.google.firebase:firebase-storage:17.0.0] AndroidManifest.xml:26:5-79
20-->[com.google.firebase:firebase-storage:17.0.0] AndroidManifest.xml:26:22-76
21
22    <uses-feature
22-->[com.google.android.gms:play-services-maps:17.0.0] AndroidManifest.xml:26:5-28:35
23        android:glEsVersion="0x00020000"
23-->[com.google.android.gms:play-services-maps:17.0.0] AndroidManifest.xml:27:9-41
24        android:required="true" />
24-->[com.google.android.gms:play-services-maps:17.0.0] AndroidManifest.xml:28:9-32
25    <!--
26 io.flutter.app.FlutterApplication is an android.app.Application that
27         calls FlutterMain.startInitialization(this); in its onCreate method.
28         In most cases you can leave this as-is, but you if you want to provide
29         additional functionality it is fine to subclass or reimplement
30         FlutterApplication and put your custom class here.
31    -->
32    <application
32-->src\main\AndroidManifest.xml:12:5-54:19
33        android:name="io.flutter.app.FlutterApplication"
33-->src\main\AndroidManifest.xml:15:9-57
34        android:appComponentFactory="androidx.core.app.CoreComponentFactory"
34-->[androidx.core:core:1.1.0] AndroidManifest.xml:24:18-86
35        android:debuggable="true"
36        android:icon="@mipmap/ic_launcher"
36-->src\main\AndroidManifest.xml:17:9-43
37        android:label="food_pooling"
37-->src\main\AndroidManifest.xml:16:9-37
38        android:requestLegacyExternalStorage="true" >
38-->src\main\AndroidManifest.xml:14:9-52
39        <meta-data
39-->src\main\AndroidManifest.xml:18:9-19:73
40            android:name="com.google.android.geo.API_KEY"
40-->src\main\AndroidManifest.xml:18:20-65
41            android:value="AIzaSyBE5PFquLWIjJFt5MgJ21y7k8esjTTGUkk" />
41-->src\main\AndroidManifest.xml:19:16-71
42
43        <activity
43-->src\main\AndroidManifest.xml:20:9-48:20
44            android:name="com.example.food_pooling.MainActivity"
44-->src\main\AndroidManifest.xml:21:13-41
45            android:configChanges="orientation|keyboardHidden|keyboard|screenSize|smallestScreenSize|locale|layoutDirection|fontScale|screenLayout|density|uiMode"
45-->src\main\AndroidManifest.xml:24:13-163
46            android:hardwareAccelerated="true"
46-->src\main\AndroidManifest.xml:25:13-47
47            android:launchMode="singleTop"
47-->src\main\AndroidManifest.xml:22:13-43
48            android:theme="@style/LaunchTheme"
48-->src\main\AndroidManifest.xml:23:13-47
49            android:windowSoftInputMode="adjustResize" >
49-->src\main\AndroidManifest.xml:26:13-55
50
51            <!--
52                 Specifies an Android theme to apply to this Activity as soon as
53                 the Android process has started. This theme is visible to the user
54                 while the Flutter UI initializes. After that, this theme continues
55                 to determine the Window background behind the Flutter UI.
56            -->
57            <meta-data
57-->src\main\AndroidManifest.xml:31:13-34:17
58                android:name="io.flutter.embedding.android.NormalTheme"
58-->src\main\AndroidManifest.xml:32:15-70
59                android:resource="@style/NormalTheme" />
59-->src\main\AndroidManifest.xml:33:15-52
60            <!--
61                 Displays an Android View that continues showing the launch screen
62                 Drawable until Flutter paints its first frame, then this splash
63                 screen fades out. A splash screen is useful to avoid any visual
64                 gap between the end of Android's launch screen and the painting of
65                 Flutter's first frame.
66            -->
67            <meta-data
67-->src\main\AndroidManifest.xml:40:13-43:17
68                android:name="io.flutter.embedding.android.SplashScreenDrawable"
68-->src\main\AndroidManifest.xml:41:15-79
69                android:resource="@drawable/launch_background" />
69-->src\main\AndroidManifest.xml:42:15-61
70
71            <intent-filter>
71-->src\main\AndroidManifest.xml:44:13-47:29
72                <action android:name="android.intent.action.MAIN" />
72-->src\main\AndroidManifest.xml:45:17-68
72-->src\main\AndroidManifest.xml:45:25-66
73
74                <category android:name="android.intent.category.LAUNCHER" />
74-->src\main\AndroidManifest.xml:46:17-76
74-->src\main\AndroidManifest.xml:46:27-74
75            </intent-filter>
76        </activity>
77        <!--
78             Don't delete the meta-data below.
79             This is used by the Flutter tool to generate GeneratedPluginRegistrant.java
80        -->
81        <meta-data
81-->src\main\AndroidManifest.xml:51:9-53:33
82            android:name="flutterEmbedding"
82-->src\main\AndroidManifest.xml:52:13-44
83            android:value="2" />
83-->src\main\AndroidManifest.xml:53:13-30
84
85        <service
85-->[:firebase_storage] AndroidManifest.xml:8:9-12:19
86            android:name="com.google.firebase.components.ComponentDiscoveryService"
86-->[:firebase_storage] AndroidManifest.xml:8:18-89
87            android:directBootAware="true"
87-->[com.google.firebase:firebase-common:19.3.0] AndroidManifest.xml:34:13-43
88            android:exported="false" >
88-->[com.google.firebase:firebase-firestore:21.3.0] AndroidManifest.xml:19:13-37
89            <meta-data
89-->[:firebase_storage] AndroidManifest.xml:9:13-11:85
90                android:name="com.google.firebase.components:io.flutter.plugins.firebase.storage.FlutterFirebaseAppRegistrar"
90-->[:firebase_storage] AndroidManifest.xml:10:17-126
91                android:value="com.google.firebase.components.ComponentRegistrar" />
91-->[:firebase_storage] AndroidManifest.xml:11:17-82
92            <meta-data
92-->[:cloud_firestore] AndroidManifest.xml:9:13-11:85
93                android:name="com.google.firebase.components:io.flutter.plugins.firebase.cloudfirestore.FlutterFirebaseAppRegistrar"
93-->[:cloud_firestore] AndroidManifest.xml:10:17-133
94                android:value="com.google.firebase.components.ComponentRegistrar" />
94-->[:cloud_firestore] AndroidManifest.xml:11:17-82
95            <meta-data
95-->[:firebase_auth] AndroidManifest.xml:9:13-11:85
96                android:name="com.google.firebase.components:io.flutter.plugins.firebaseauth.FlutterFirebaseAppRegistrar"
96-->[:firebase_auth] AndroidManifest.xml:10:17-122
97                android:value="com.google.firebase.components.ComponentRegistrar" />
97-->[:firebase_auth] AndroidManifest.xml:11:17-82
98            <meta-data
98-->[:firebase_core] AndroidManifest.xml:9:13-11:85
99                android:name="com.google.firebase.components:io.flutter.plugins.firebase.core.FlutterFirebaseAppRegistrar"
99-->[:firebase_core] AndroidManifest.xml:10:17-123
100                android:value="com.google.firebase.components.ComponentRegistrar" />
100-->[:firebase_core] AndroidManifest.xml:11:17-82
101            <meta-data
101-->[com.google.firebase:firebase-storage:17.0.0] AndroidManifest.xml:31:13-33:85
102                android:name="com.google.firebase.components:com.google.firebase.storage.StorageRegistrar"
102-->[com.google.firebase:firebase-storage:17.0.0] AndroidManifest.xml:32:17-107
103                android:value="com.google.firebase.components.ComponentRegistrar" />
103-->[com.google.firebase:firebase-storage:17.0.0] AndroidManifest.xml:33:17-82
104            <meta-data
104-->[com.google.firebase:firebase-firestore:21.3.0] AndroidManifest.xml:20:13-22:85
105                android:name="com.google.firebase.components:com.google.firebase.firestore.FirestoreRegistrar"
105-->[com.google.firebase:firebase-firestore:21.3.0] AndroidManifest.xml:21:17-111
106                android:value="com.google.firebase.components.ComponentRegistrar" />
106-->[com.google.firebase:firebase-firestore:21.3.0] AndroidManifest.xml:22:17-82
107            <meta-data
107-->[com.google.firebase:firebase-auth:17.0.0] AndroidManifest.xml:36:13-38:85
108                android:name="com.google.firebase.components:com.google.firebase.auth.FirebaseAuthRegistrar"
108-->[com.google.firebase:firebase-auth:17.0.0] AndroidManifest.xml:37:17-109
109                android:value="com.google.firebase.components.ComponentRegistrar" />
109-->[com.google.firebase:firebase-auth:17.0.0] AndroidManifest.xml:38:17-82
110        </service>
111
112        <provider
112-->[:image_picker] AndroidManifest.xml:11:9-19:20
113            android:name="io.flutter.plugins.imagepicker.ImagePickerFileProvider"
113-->[:image_picker] AndroidManifest.xml:12:13-82
114            android:authorities="com.example.food_pooling.flutter.image_provider"
114-->[:image_picker] AndroidManifest.xml:13:13-74
115            android:exported="false"
115-->[:image_picker] AndroidManifest.xml:14:13-37
116            android:grantUriPermissions="true" >
116-->[:image_picker] AndroidManifest.xml:15:13-47
117            <meta-data
117-->[:image_picker] AndroidManifest.xml:16:13-18:75
118                android:name="android.support.FILE_PROVIDER_PATHS"
118-->[:image_picker] AndroidManifest.xml:17:17-67
119                android:resource="@xml/flutter_image_picker_file_paths" />
119-->[:image_picker] AndroidManifest.xml:18:17-72
120        </provider>
121
122        <activity
122-->[com.google.firebase:firebase-auth:17.0.0] AndroidManifest.xml:24:9-31:50
123            android:name="com.google.firebase.auth.internal.FederatedSignInActivity"
123-->[com.google.firebase:firebase-auth:17.0.0] AndroidManifest.xml:25:13-85
124            android:excludeFromRecents="true"
124-->[com.google.firebase:firebase-auth:17.0.0] AndroidManifest.xml:26:13-46
125            android:exported="true"
125-->[com.google.firebase:firebase-auth:17.0.0] AndroidManifest.xml:27:13-36
126            android:launchMode="singleTask"
126-->[com.google.firebase:firebase-auth:17.0.0] AndroidManifest.xml:28:13-44
127            android:permission="com.google.firebase.auth.api.gms.permission.LAUNCH_FEDERATED_SIGN_IN"
127-->[com.google.firebase:firebase-auth:17.0.0] AndroidManifest.xml:29:13-102
128            android:theme="@android:style/Theme.Translucent.NoTitleBar" />
128-->[com.google.firebase:firebase-auth:17.0.0] AndroidManifest.xml:30:13-72
129
130        <provider
130-->[com.google.firebase:firebase-common:19.3.0] AndroidManifest.xml:26:9-30:39
131            android:name="com.google.firebase.provider.FirebaseInitProvider"
131-->[com.google.firebase:firebase-common:19.3.0] AndroidManifest.xml:27:13-77
132            android:authorities="com.example.food_pooling.firebaseinitprovider"
132-->[com.google.firebase:firebase-common:19.3.0] AndroidManifest.xml:28:13-72
133            android:exported="false"
133-->[com.google.firebase:firebase-common:19.3.0] AndroidManifest.xml:29:13-37
134            android:initOrder="100" /> <!-- Needs to be explicitly declared on P+ -->
134-->[com.google.firebase:firebase-common:19.3.0] AndroidManifest.xml:30:13-36
135        <uses-library
135-->[com.google.android.gms:play-services-maps:17.0.0] AndroidManifest.xml:33:9-35:40
136            android:name="org.apache.http.legacy"
136-->[com.google.android.gms:play-services-maps:17.0.0] AndroidManifest.xml:34:13-50
137            android:required="false" />
137-->[com.google.android.gms:play-services-maps:17.0.0] AndroidManifest.xml:35:13-37
138
139        <activity
139-->[com.google.android.gms:play-services-base:17.0.0] AndroidManifest.xml:23:9-26:75
140            android:name="com.google.android.gms.common.api.GoogleApiActivity"
140-->[com.google.android.gms:play-services-base:17.0.0] AndroidManifest.xml:24:13-79
141            android:exported="false"
141-->[com.google.android.gms:play-services-base:17.0.0] AndroidManifest.xml:25:13-37
142            android:theme="@android:style/Theme.Translucent.NoTitleBar" />
142-->[com.google.android.gms:play-services-base:17.0.0] AndroidManifest.xml:26:13-72
143
144        <meta-data
144-->[com.google.android.gms:play-services-basement:17.0.0] AndroidManifest.xml:23:9-25:69
145            android:name="com.google.android.gms.version"
145-->[com.google.android.gms:play-services-basement:17.0.0] AndroidManifest.xml:24:13-58
146            android:value="@integer/google_play_services_version" />
146-->[com.google.android.gms:play-services-basement:17.0.0] AndroidManifest.xml:25:13-66
147    </application>
148
149</manifest>